Info: Start Nativelink Simulation process
Info: NativeLink has detected Verilog design -- Verilog simulation models will be used

========= EDA Simulation Settings =====================

Sim Mode              :  RTL
Family                :  cyclonev
Quartus root          :  c:/intelfpga_lite/22.1std/quartus/bin64/
Quartus sim root      :  c:/intelfpga_lite/22.1std/quartus/eda/sim_lib
Simulation Tool       :  modelsim
Simulation Language   :  verilog
Simulation Mode       :  GUI
Sim Output File       :  
Sim SDF file          :  
Sim dir               :  simulation\modelsim

=======================================================

Info: Starting NativeLink simulation with ModelSim software
Sourced NativeLink script c:/intelfpga_lite/22.1std/quartus/common/tcl/internal/nativelink/modelsim.tcl
TCL LOOKUP VARNAME file_id
Error: NativeLink simulation flow was NOT successful



================The following additional information is provided to help identify the cause of error while running nativelink scripts=================
Nativelink TCL script failed with errorCode:  NONE
Nativelink TCL script failed with errorInfo:  can't read "file_id": no such variable
    while executing
"nl_postmsg  error "Error: Can't open file $msim_do_file_name: $file_id""
    invoked from within
"if [ catch { open $msim_do_file_name w } msim_do_file ] {
	nl_postmsg  error "Error: Can't open file $msim_do_file_name: $file_id"
	set msim_do_file_n..."
    (procedure "gen_msim_script" line 69)
    invoked from within
"gen_msim_script args_hash"
    ("eval" body line 1)
    invoked from within
"eval gen_msim_script args_hash"
    invoked from within
"if [ catch {eval gen_msim_script args_hash} msim_do_file_name] {
	error "$::errorCode" "$::errorInfo"
    } elseif {$script_mode == 0} {
	post_message..."
    (procedure "launch_sim" line 112)
    invoked from within
"launch_sim launch_args_hash"
    ("eval" body line 1)
    invoked from within
"eval launch_sim launch_args_hash"
    invoked from within
"if [ info exists ::errorCode ] {
                set savedCode $::errorCode
                set savedInfo $::errorInfo
                error $result $..."
    invoked from within
"if [catch {eval launch_sim launch_args_hash} result ] {
            set status 1
            if [ info exists ::errorCode ] {
                set save..."
    (procedure "run_sim" line 74)
    invoked from within
"run_sim run_sim_args_hash"
    invoked from within
"if [ info exists ::errorCode ] {
            set savedCode $::errorCode
            set savedInfo $::errorInfo
            error "$result" $savedInfo ..."
    (procedure "run_eda_simulation_tool" line 334)
    invoked from within
"run_eda_simulation_tool eda_opts_hash"
