Analysis & Elaboration report for five_stage_pipelined_cpu
Wed Oct 23 02:14:45 2024
Quartus Prime Version 20.1.0 Build 711 06/05/2020 SJ Lite Edition


---------------------
; Table of Contents ;
---------------------
  1. Legal Notice
  2. Analysis & Elaboration Summary
  3. Parallel Compilation
  4. Parameter Settings for User Entity Instance: top:dut|cpu:cpu|controller:c|flopflenr:if_id_reg
  5. Parameter Settings for User Entity Instance: top:dut|cpu:cpu|controller:c|flopfl:id_ex_reg
  6. Parameter Settings for User Entity Instance: top:dut|cpu:cpu|controller:c|flopenr:flagreg1
  7. Parameter Settings for User Entity Instance: top:dut|cpu:cpu|controller:c|flopenr:flagreg0
  8. Parameter Settings for User Entity Instance: top:dut|cpu:cpu|controller:c|flopr:ex_mem_reg
  9. Parameter Settings for User Entity Instance: top:dut|cpu:cpu|controller:c|flopr:mem_wb_reg
 10. Parameter Settings for User Entity Instance: top:dut|cpu:cpu|datapath:dp|mux2:pcmux
 11. Parameter Settings for User Entity Instance: top:dut|cpu:cpu|datapath:dp|mux2:brmux
 12. Parameter Settings for User Entity Instance: top:dut|cpu:cpu|datapath:dp|flopenr:pcreg
 13. Parameter Settings for User Entity Instance: top:dut|cpu:cpu|datapath:dp|adder:pcadd1
 14. Parameter Settings for User Entity Instance: top:dut|cpu:cpu|datapath:dp|flopflenr:if_id_reg
 15. Parameter Settings for User Entity Instance: top:dut|cpu:cpu|datapath:dp|mux2:ra1mux
 16. Parameter Settings for User Entity Instance: top:dut|cpu:cpu|datapath:dp|mux2:ra2mux
 17. Parameter Settings for User Entity Instance: top:dut|cpu:cpu|datapath:dp|mux2:ra3mux
 18. Parameter Settings for User Entity Instance: top:dut|cpu:cpu|datapath:dp|mux2:wd3mux
 19. Parameter Settings for User Entity Instance: top:dut|cpu:cpu|datapath:dp|mux2:resmux
 20. Parameter Settings for User Entity Instance: top:dut|cpu:cpu|datapath:dp|flopfl:id_ex_reg
 21. Parameter Settings for User Entity Instance: top:dut|cpu:cpu|datapath:dp|mux3:srcAEmux
 22. Parameter Settings for User Entity Instance: top:dut|cpu:cpu|datapath:dp|mux3:srcBEmux
 23. Parameter Settings for User Entity Instance: top:dut|cpu:cpu|datapath:dp|mux2:srcbmux
 24. Parameter Settings for User Entity Instance: top:dut|cpu:cpu|datapath:dp|flopr:ex_mem_reg
 25. Parameter Settings for User Entity Instance: top:dut|cpu:cpu|datapath:dp|flopr:mem_wb_reg
 26. Analysis & Elaboration Settings
 27. Port Connectivity Checks: "top:dut|cpu:cpu|datapath:dp|flopfl:id_ex_reg"
 28. Port Connectivity Checks: "top:dut|cpu:cpu|datapath:dp|mux2:ra3mux"
 29. Port Connectivity Checks: "top:dut|cpu:cpu|datapath:dp|mux2:ra1mux"
 30. Port Connectivity Checks: "top:dut|cpu:cpu|datapath:dp|flopflenr:if_id_reg"
 31. Port Connectivity Checks: "top:dut|cpu:cpu|datapath:dp|adder:pcadd1"
 32. Port Connectivity Checks: "top:dut|cpu:cpu|controller:c|flopr:ex_mem_reg"
 33. Port Connectivity Checks: "top:dut|cpu:cpu|controller:c|flopflenr:if_id_reg"
 34. Port Connectivity Checks: "top:dut"
 35. Analysis & Elaboration Messages
 36. Analysis & Elaboration Suppressed Messages



----------------
; Legal Notice ;
----------------
Copyright (C) 2020  Intel Corporation. All rights reserved.
Your use of Intel Corporation's design tools, logic functions 
and other software and tools, and any partner logic 
functions, and any output files from any of the foregoing 
(including device programming or simulation files), and any 
associated documentation or information are expressly subject 
to the terms and conditions of the Intel Program License 
Subscription Agreement, the Intel Quartus Prime License Agreement,
the Intel FPGA IP License Agreement, or other applicable license
agreement, including, without limitation, that your use is for
the sole purpose of programming logic devices manufactured by
Intel and sold by Intel or its authorized distributors.  Please
refer to the applicable agreement for further details, at
https://fpgasoftware.intel.com/eula.



+-----------------------------------------------------------------------------+
; Analysis & Elaboration Summary                                              ;
+-------------------------------+---------------------------------------------+
; Analysis & Elaboration Status ; Successful - Wed Oct 23 02:14:45 2024       ;
; Quartus Prime Version         ; 20.1.0 Build 711 06/05/2020 SJ Lite Edition ;
; Revision Name                 ; five_stage_pipelined_cpu                    ;
; Top-level Entity Name         ; tb_top                                      ;
; Family                        ; Cyclone V                                   ;
; Logic utilization (in ALMs)   ; N/A until Partition Merge                   ;
; Total registers               ; N/A until Partition Merge                   ;
; Total pins                    ; N/A until Partition Merge                   ;
; Total virtual pins            ; N/A until Partition Merge                   ;
; Total block memory bits       ; N/A until Partition Merge                   ;
; Total PLLs                    ; N/A until Partition Merge                   ;
; Total DLLs                    ; N/A until Partition Merge                   ;
+-------------------------------+---------------------------------------------+


+------------------------------------------+
; Parallel Compilation                     ;
+----------------------------+-------------+
; Processors                 ; Number      ;
+----------------------------+-------------+
; Number detected on machine ; 12          ;
; Maximum allowed            ; 12          ;
;                            ;             ;
; Average used               ; 1.00        ;
; Maximum used               ; 1           ;
;                            ;             ;
; Usage by Processor         ; % Time Used ;
;     Processor 1            ; 100.0%      ;
+----------------------------+-------------+


+-----------------------------------------------------------------------------------------------+
; Parameter Settings for User Entity Instance: top:dut|cpu:cpu|controller:c|flopflenr:if_id_reg ;
+----------------+-------+----------------------------------------------------------------------+
; Parameter Name ; Value ; Type                                                                 ;
+----------------+-------+----------------------------------------------------------------------+
; WIDTH          ; 28    ; Signed Integer                                                       ;
+----------------+-------+----------------------------------------------------------------------+
Note: In order to hide this table in the UI and the text report file, please set the "Show Parameter Settings in Synthesis Report" option in "Analysis and Synthesis Settings -> More Settings" to "Off".


+--------------------------------------------------------------------------------------------+
; Parameter Settings for User Entity Instance: top:dut|cpu:cpu|controller:c|flopfl:id_ex_reg ;
+----------------+-------+-------------------------------------------------------------------+
; Parameter Name ; Value ; Type                                                              ;
+----------------+-------+-------------------------------------------------------------------+
; WIDTH          ; 30    ; Signed Integer                                                    ;
+----------------+-------+-------------------------------------------------------------------+
Note: In order to hide this table in the UI and the text report file, please set the "Show Parameter Settings in Synthesis Report" option in "Analysis and Synthesis Settings -> More Settings" to "Off".


+--------------------------------------------------------------------------------------------+
; Parameter Settings for User Entity Instance: top:dut|cpu:cpu|controller:c|flopenr:flagreg1 ;
+----------------+-------+-------------------------------------------------------------------+
; Parameter Name ; Value ; Type                                                              ;
+----------------+-------+-------------------------------------------------------------------+
; WIDTH          ; 2     ; Signed Integer                                                    ;
+----------------+-------+-------------------------------------------------------------------+
Note: In order to hide this table in the UI and the text report file, please set the "Show Parameter Settings in Synthesis Report" option in "Analysis and Synthesis Settings -> More Settings" to "Off".


+--------------------------------------------------------------------------------------------+
; Parameter Settings for User Entity Instance: top:dut|cpu:cpu|controller:c|flopenr:flagreg0 ;
+----------------+-------+-------------------------------------------------------------------+
; Parameter Name ; Value ; Type                                                              ;
+----------------+-------+-------------------------------------------------------------------+
; WIDTH          ; 2     ; Signed Integer                                                    ;
+----------------+-------+-------------------------------------------------------------------+
Note: In order to hide this table in the UI and the text report file, please set the "Show Parameter Settings in Synthesis Report" option in "Analysis and Synthesis Settings -> More Settings" to "Off".


+--------------------------------------------------------------------------------------------+
; Parameter Settings for User Entity Instance: top:dut|cpu:cpu|controller:c|flopr:ex_mem_reg ;
+----------------+-------+-------------------------------------------------------------------+
; Parameter Name ; Value ; Type                                                              ;
+----------------+-------+-------------------------------------------------------------------+
; WIDTH          ; 9     ; Signed Integer                                                    ;
+----------------+-------+-------------------------------------------------------------------+
Note: In order to hide this table in the UI and the text report file, please set the "Show Parameter Settings in Synthesis Report" option in "Analysis and Synthesis Settings -> More Settings" to "Off".


+--------------------------------------------------------------------------------------------+
; Parameter Settings for User Entity Instance: top:dut|cpu:cpu|controller:c|flopr:mem_wb_reg ;
+----------------+-------+-------------------------------------------------------------------+
; Parameter Name ; Value ; Type                                                              ;
+----------------+-------+-------------------------------------------------------------------+
; WIDTH          ; 4     ; Signed Integer                                                    ;
+----------------+-------+-------------------------------------------------------------------+
Note: In order to hide this table in the UI and the text report file, please set the "Show Parameter Settings in Synthesis Report" option in "Analysis and Synthesis Settings -> More Settings" to "Off".


+-------------------------------------------------------------------------------------+
; Parameter Settings for User Entity Instance: top:dut|cpu:cpu|datapath:dp|mux2:pcmux ;
+----------------+-------+------------------------------------------------------------+
; Parameter Name ; Value ; Type                                                       ;
+----------------+-------+------------------------------------------------------------+
; WIDTH          ; 32    ; Signed Integer                                             ;
+----------------+-------+------------------------------------------------------------+
Note: In order to hide this table in the UI and the text report file, please set the "Show Parameter Settings in Synthesis Report" option in "Analysis and Synthesis Settings -> More Settings" to "Off".


+-------------------------------------------------------------------------------------+
; Parameter Settings for User Entity Instance: top:dut|cpu:cpu|datapath:dp|mux2:brmux ;
+----------------+-------+------------------------------------------------------------+
; Parameter Name ; Value ; Type                                                       ;
+----------------+-------+------------------------------------------------------------+
; WIDTH          ; 32    ; Signed Integer                                             ;
+----------------+-------+------------------------------------------------------------+
Note: In order to hide this table in the UI and the text report file, please set the "Show Parameter Settings in Synthesis Report" option in "Analysis and Synthesis Settings -> More Settings" to "Off".


+----------------------------------------------------------------------------------------+
; Parameter Settings for User Entity Instance: top:dut|cpu:cpu|datapath:dp|flopenr:pcreg ;
+----------------+-------+---------------------------------------------------------------+
; Parameter Name ; Value ; Type                                                          ;
+----------------+-------+---------------------------------------------------------------+
; WIDTH          ; 32    ; Signed Integer                                                ;
+----------------+-------+---------------------------------------------------------------+
Note: In order to hide this table in the UI and the text report file, please set the "Show Parameter Settings in Synthesis Report" option in "Analysis and Synthesis Settings -> More Settings" to "Off".


+---------------------------------------------------------------------------------------+
; Parameter Settings for User Entity Instance: top:dut|cpu:cpu|datapath:dp|adder:pcadd1 ;
+----------------+-------+--------------------------------------------------------------+
; Parameter Name ; Value ; Type                                                         ;
+----------------+-------+--------------------------------------------------------------+
; WIDTH          ; 32    ; Signed Integer                                               ;
+----------------+-------+--------------------------------------------------------------+
Note: In order to hide this table in the UI and the text report file, please set the "Show Parameter Settings in Synthesis Report" option in "Analysis and Synthesis Settings -> More Settings" to "Off".


+----------------------------------------------------------------------------------------------+
; Parameter Settings for User Entity Instance: top:dut|cpu:cpu|datapath:dp|flopflenr:if_id_reg ;
+----------------+-------+---------------------------------------------------------------------+
; Parameter Name ; Value ; Type                                                                ;
+----------------+-------+---------------------------------------------------------------------+
; WIDTH          ; 64    ; Signed Integer                                                      ;
+----------------+-------+---------------------------------------------------------------------+
Note: In order to hide this table in the UI and the text report file, please set the "Show Parameter Settings in Synthesis Report" option in "Analysis and Synthesis Settings -> More Settings" to "Off".


+--------------------------------------------------------------------------------------+
; Parameter Settings for User Entity Instance: top:dut|cpu:cpu|datapath:dp|mux2:ra1mux ;
+----------------+-------+-------------------------------------------------------------+
; Parameter Name ; Value ; Type                                                        ;
+----------------+-------+-------------------------------------------------------------+
; WIDTH          ; 4     ; Signed Integer                                              ;
+----------------+-------+-------------------------------------------------------------+
Note: In order to hide this table in the UI and the text report file, please set the "Show Parameter Settings in Synthesis Report" option in "Analysis and Synthesis Settings -> More Settings" to "Off".


+--------------------------------------------------------------------------------------+
; Parameter Settings for User Entity Instance: top:dut|cpu:cpu|datapath:dp|mux2:ra2mux ;
+----------------+-------+-------------------------------------------------------------+
; Parameter Name ; Value ; Type                                                        ;
+----------------+-------+-------------------------------------------------------------+
; WIDTH          ; 4     ; Signed Integer                                              ;
+----------------+-------+-------------------------------------------------------------+
Note: In order to hide this table in the UI and the text report file, please set the "Show Parameter Settings in Synthesis Report" option in "Analysis and Synthesis Settings -> More Settings" to "Off".


+--------------------------------------------------------------------------------------+
; Parameter Settings for User Entity Instance: top:dut|cpu:cpu|datapath:dp|mux2:ra3mux ;
+----------------+-------+-------------------------------------------------------------+
; Parameter Name ; Value ; Type                                                        ;
+----------------+-------+-------------------------------------------------------------+
; WIDTH          ; 4     ; Signed Integer                                              ;
+----------------+-------+-------------------------------------------------------------+
Note: In order to hide this table in the UI and the text report file, please set the "Show Parameter Settings in Synthesis Report" option in "Analysis and Synthesis Settings -> More Settings" to "Off".


+--------------------------------------------------------------------------------------+
; Parameter Settings for User Entity Instance: top:dut|cpu:cpu|datapath:dp|mux2:wd3mux ;
+----------------+-------+-------------------------------------------------------------+
; Parameter Name ; Value ; Type                                                        ;
+----------------+-------+-------------------------------------------------------------+
; WIDTH          ; 32    ; Signed Integer                                              ;
+----------------+-------+-------------------------------------------------------------+
Note: In order to hide this table in the UI and the text report file, please set the "Show Parameter Settings in Synthesis Report" option in "Analysis and Synthesis Settings -> More Settings" to "Off".


+--------------------------------------------------------------------------------------+
; Parameter Settings for User Entity Instance: top:dut|cpu:cpu|datapath:dp|mux2:resmux ;
+----------------+-------+-------------------------------------------------------------+
; Parameter Name ; Value ; Type                                                        ;
+----------------+-------+-------------------------------------------------------------+
; WIDTH          ; 32    ; Signed Integer                                              ;
+----------------+-------+-------------------------------------------------------------+
Note: In order to hide this table in the UI and the text report file, please set the "Show Parameter Settings in Synthesis Report" option in "Analysis and Synthesis Settings -> More Settings" to "Off".


+-------------------------------------------------------------------------------------------+
; Parameter Settings for User Entity Instance: top:dut|cpu:cpu|datapath:dp|flopfl:id_ex_reg ;
+----------------+-------+------------------------------------------------------------------+
; Parameter Name ; Value ; Type                                                             ;
+----------------+-------+------------------------------------------------------------------+
; WIDTH          ; 180   ; Signed Integer                                                   ;
+----------------+-------+------------------------------------------------------------------+
Note: In order to hide this table in the UI and the text report file, please set the "Show Parameter Settings in Synthesis Report" option in "Analysis and Synthesis Settings -> More Settings" to "Off".


+----------------------------------------------------------------------------------------+
; Parameter Settings for User Entity Instance: top:dut|cpu:cpu|datapath:dp|mux3:srcAEmux ;
+----------------+-------+---------------------------------------------------------------+
; Parameter Name ; Value ; Type                                                          ;
+----------------+-------+---------------------------------------------------------------+
; WIDTH          ; 32    ; Signed Integer                                                ;
+----------------+-------+---------------------------------------------------------------+
Note: In order to hide this table in the UI and the text report file, please set the "Show Parameter Settings in Synthesis Report" option in "Analysis and Synthesis Settings -> More Settings" to "Off".


+----------------------------------------------------------------------------------------+
; Parameter Settings for User Entity Instance: top:dut|cpu:cpu|datapath:dp|mux3:srcBEmux ;
+----------------+-------+---------------------------------------------------------------+
; Parameter Name ; Value ; Type                                                          ;
+----------------+-------+---------------------------------------------------------------+
; WIDTH          ; 32    ; Signed Integer                                                ;
+----------------+-------+---------------------------------------------------------------+
Note: In order to hide this table in the UI and the text report file, please set the "Show Parameter Settings in Synthesis Report" option in "Analysis and Synthesis Settings -> More Settings" to "Off".


+---------------------------------------------------------------------------------------+
; Parameter Settings for User Entity Instance: top:dut|cpu:cpu|datapath:dp|mux2:srcbmux ;
+----------------+-------+--------------------------------------------------------------+
; Parameter Name ; Value ; Type                                                         ;
+----------------+-------+--------------------------------------------------------------+
; WIDTH          ; 32    ; Signed Integer                                               ;
+----------------+-------+--------------------------------------------------------------+
Note: In order to hide this table in the UI and the text report file, please set the "Show Parameter Settings in Synthesis Report" option in "Analysis and Synthesis Settings -> More Settings" to "Off".


+-------------------------------------------------------------------------------------------+
; Parameter Settings for User Entity Instance: top:dut|cpu:cpu|datapath:dp|flopr:ex_mem_reg ;
+----------------+-------+------------------------------------------------------------------+
; Parameter Name ; Value ; Type                                                             ;
+----------------+-------+------------------------------------------------------------------+
; WIDTH          ; 100   ; Signed Integer                                                   ;
+----------------+-------+------------------------------------------------------------------+
Note: In order to hide this table in the UI and the text report file, please set the "Show Parameter Settings in Synthesis Report" option in "Analysis and Synthesis Settings -> More Settings" to "Off".


+-------------------------------------------------------------------------------------------+
; Parameter Settings for User Entity Instance: top:dut|cpu:cpu|datapath:dp|flopr:mem_wb_reg ;
+----------------+-------+------------------------------------------------------------------+
; Parameter Name ; Value ; Type                                                             ;
+----------------+-------+------------------------------------------------------------------+
; WIDTH          ; 100   ; Signed Integer                                                   ;
+----------------+-------+------------------------------------------------------------------+
Note: In order to hide this table in the UI and the text report file, please set the "Show Parameter Settings in Synthesis Report" option in "Analysis and Synthesis Settings -> More Settings" to "Off".


+---------------------------------------------------------------------------------------------------------------------------------+
; Analysis & Elaboration Settings                                                                                                 ;
+---------------------------------------------------------------------------------+--------------------+--------------------------+
; Option                                                                          ; Setting            ; Default Value            ;
+---------------------------------------------------------------------------------+--------------------+--------------------------+
; Device                                                                          ; 5CSXFC6D6F31C6     ;                          ;
; Top-level entity name                                                           ; tb_top             ; five_stage_pipelined_cpu ;
; Family name                                                                     ; Cyclone V          ; Cyclone V                ;
; Use smart compilation                                                           ; Off                ; Off                      ;
; Enable parallel Assembler and Timing Analyzer during compilation                ; On                 ; On                       ;
; Enable compact report table                                                     ; Off                ; Off                      ;
; Restructure Multiplexers                                                        ; Auto               ; Auto                     ;
; MLAB Add Timing Constraints For Mixed-Port Feed-Through Mode Setting Don't Care ; Off                ; Off                      ;
; Create Debugging Nodes for IP Cores                                             ; Off                ; Off                      ;
; Preserve fewer node names                                                       ; On                 ; On                       ;
; Intel FPGA IP Evaluation Mode                                                   ; Enable             ; Enable                   ;
; Verilog Version                                                                 ; Verilog_2001       ; Verilog_2001             ;
; VHDL Version                                                                    ; VHDL_1993          ; VHDL_1993                ;
; State Machine Processing                                                        ; Auto               ; Auto                     ;
; Safe State Machine                                                              ; Off                ; Off                      ;
; Extract Verilog State Machines                                                  ; On                 ; On                       ;
; Extract VHDL State Machines                                                     ; On                 ; On                       ;
; Ignore Verilog initial constructs                                               ; Off                ; Off                      ;
; Iteration limit for constant Verilog loops                                      ; 5000               ; 5000                     ;
; Iteration limit for non-constant Verilog loops                                  ; 250                ; 250                      ;
; Add Pass-Through Logic to Inferred RAMs                                         ; On                 ; On                       ;
; Infer RAMs from Raw Logic                                                       ; On                 ; On                       ;
; Parallel Synthesis                                                              ; On                 ; On                       ;
; DSP Block Balancing                                                             ; Auto               ; Auto                     ;
; NOT Gate Push-Back                                                              ; On                 ; On                       ;
; Power-Up Don't Care                                                             ; On                 ; On                       ;
; Remove Redundant Logic Cells                                                    ; Off                ; Off                      ;
; Remove Duplicate Registers                                                      ; On                 ; On                       ;
; Ignore CARRY Buffers                                                            ; Off                ; Off                      ;
; Ignore CASCADE Buffers                                                          ; Off                ; Off                      ;
; Ignore GLOBAL Buffers                                                           ; Off                ; Off                      ;
; Ignore ROW GLOBAL Buffers                                                       ; Off                ; Off                      ;
; Ignore LCELL Buffers                                                            ; Off                ; Off                      ;
; Ignore SOFT Buffers                                                             ; On                 ; On                       ;
; Limit AHDL Integers to 32 Bits                                                  ; Off                ; Off                      ;
; Optimization Technique                                                          ; Balanced           ; Balanced                 ;
; Carry Chain Length                                                              ; 70                 ; 70                       ;
; Auto Carry Chains                                                               ; On                 ; On                       ;
; Auto Open-Drain Pins                                                            ; On                 ; On                       ;
; Perform WYSIWYG Primitive Resynthesis                                           ; Off                ; Off                      ;
; Auto ROM Replacement                                                            ; On                 ; On                       ;
; Auto RAM Replacement                                                            ; On                 ; On                       ;
; Auto DSP Block Replacement                                                      ; On                 ; On                       ;
; Auto Shift Register Replacement                                                 ; Auto               ; Auto                     ;
; Allow Shift Register Merging across Hierarchies                                 ; Auto               ; Auto                     ;
; Auto Clock Enable Replacement                                                   ; On                 ; On                       ;
; Strict RAM Replacement                                                          ; Off                ; Off                      ;
; Allow Synchronous Control Signals                                               ; On                 ; On                       ;
; Force Use of Synchronous Clear Signals                                          ; Off                ; Off                      ;
; Auto Resource Sharing                                                           ; Off                ; Off                      ;
; Allow Any RAM Size For Recognition                                              ; Off                ; Off                      ;
; Allow Any ROM Size For Recognition                                              ; Off                ; Off                      ;
; Allow Any Shift Register Size For Recognition                                   ; Off                ; Off                      ;
; Use LogicLock Constraints during Resource Balancing                             ; On                 ; On                       ;
; Ignore translate_off and synthesis_off directives                               ; Off                ; Off                      ;
; Timing-Driven Synthesis                                                         ; On                 ; On                       ;
; Report Parameter Settings                                                       ; On                 ; On                       ;
; Report Source Assignments                                                       ; On                 ; On                       ;
; Report Connectivity Checks                                                      ; On                 ; On                       ;
; Ignore Maximum Fan-Out Assignments                                              ; Off                ; Off                      ;
; Synchronization Register Chain Length                                           ; 3                  ; 3                        ;
; Power Optimization During Synthesis                                             ; Normal compilation ; Normal compilation       ;
; HDL message level                                                               ; Level2             ; Level2                   ;
; Suppress Register Optimization Related Messages                                 ; Off                ; Off                      ;
; Number of Removed Registers Reported in Synthesis Report                        ; 5000               ; 5000                     ;
; Number of Swept Nodes Reported in Synthesis Report                              ; 5000               ; 5000                     ;
; Number of Inverted Registers Reported in Synthesis Report                       ; 100                ; 100                      ;
; Clock MUX Protection                                                            ; On                 ; On                       ;
; Auto Gated Clock Conversion                                                     ; Off                ; Off                      ;
; Block Design Naming                                                             ; Auto               ; Auto                     ;
; SDC constraint protection                                                       ; Off                ; Off                      ;
; Synthesis Effort                                                                ; Auto               ; Auto                     ;
; Shift Register Replacement - Allow Asynchronous Clear Signal                    ; On                 ; On                       ;
; Pre-Mapping Resynthesis Optimization                                            ; Off                ; Off                      ;
; Analysis & Synthesis Message Level                                              ; Medium             ; Medium                   ;
; Disable Register Merging Across Hierarchies                                     ; Auto               ; Auto                     ;
; Resource Aware Inference For Block RAM                                          ; On                 ; On                       ;
; Automatic Parallel Synthesis                                                    ; On                 ; On                       ;
; Partial Reconfiguration Bitstream ID                                            ; Off                ; Off                      ;
+---------------------------------------------------------------------------------+--------------------+--------------------------+


+---------------------------------------------------------------------------------------------------------------------+
; Port Connectivity Checks: "top:dut|cpu:cpu|datapath:dp|flopfl:id_ex_reg"                                            ;
+-----------+--------+----------+-------------------------------------------------------------------------------------+
; Port      ; Type   ; Severity ; Details                                                                             ;
+-----------+--------+----------+-------------------------------------------------------------------------------------+
; q[63..40] ; Output ; Info     ; Connected to dangling logic. Logic that only feeds a dangling port will be removed. ;
+-----------+--------+----------+-------------------------------------------------------------------------------------+


+---------------------------------------------------------------------+
; Port Connectivity Checks: "top:dut|cpu:cpu|datapath:dp|mux2:ra3mux" ;
+----------+-------+----------+---------------------------------------+
; Port     ; Type  ; Severity ; Details                               ;
+----------+-------+----------+---------------------------------------+
; d1[3..1] ; Input ; Info     ; Stuck at VCC                          ;
; d1[0]    ; Input ; Info     ; Stuck at GND                          ;
+----------+-------+----------+---------------------------------------+


+---------------------------------------------------------------------+
; Port Connectivity Checks: "top:dut|cpu:cpu|datapath:dp|mux2:ra1mux" ;
+------+-------+----------+-------------------------------------------+
; Port ; Type  ; Severity ; Details                                   ;
+------+-------+----------+-------------------------------------------+
; d1   ; Input ; Info     ; Stuck at VCC                              ;
+------+-------+----------+-------------------------------------------+


+---------------------------------------------------------------------------------------------------------------------+
; Port Connectivity Checks: "top:dut|cpu:cpu|datapath:dp|flopflenr:if_id_reg"                                         ;
+-----------+--------+----------+-------------------------------------------------------------------------------------+
; Port      ; Type   ; Severity ; Details                                                                             ;
+-----------+--------+----------+-------------------------------------------------------------------------------------+
; q[31..24] ; Output ; Info     ; Connected to dangling logic. Logic that only feeds a dangling port will be removed. ;
+-----------+--------+----------+-------------------------------------------------------------------------------------+


+----------------------------------------------------------------------+
; Port Connectivity Checks: "top:dut|cpu:cpu|datapath:dp|adder:pcadd1" ;
+----------+-------+----------+----------------------------------------+
; Port     ; Type  ; Severity ; Details                                ;
+----------+-------+----------+----------------------------------------+
; b[31..3] ; Input ; Info     ; Stuck at GND                           ;
; b[1..0]  ; Input ; Info     ; Stuck at GND                           ;
; b[2]     ; Input ; Info     ; Stuck at VCC                           ;
+----------+-------+----------+----------------------------------------+


+----------------------------------------------------------------------------------------------------------------+
; Port Connectivity Checks: "top:dut|cpu:cpu|controller:c|flopr:ex_mem_reg"                                      ;
+------+--------+----------+-------------------------------------------------------------------------------------+
; Port ; Type   ; Severity ; Details                                                                             ;
+------+--------+----------+-------------------------------------------------------------------------------------+
; q[1] ; Output ; Info     ; Connected to dangling logic. Logic that only feeds a dangling port will be removed. ;
+------+--------+----------+-------------------------------------------------------------------------------------+


+---------------------------------------------------------------------------------------------------------------------+
; Port Connectivity Checks: "top:dut|cpu:cpu|controller:c|flopflenr:if_id_reg"                                        ;
+-----------+--------+----------+-------------------------------------------------------------------------------------+
; Port      ; Type   ; Severity ; Details                                                                             ;
+-----------+--------+----------+-------------------------------------------------------------------------------------+
; q[27..24] ; Output ; Info     ; Connected to dangling logic. Logic that only feeds a dangling port will be removed. ;
; q[15..12] ; Output ; Info     ; Connected to dangling logic. Logic that only feeds a dangling port will be removed. ;
; q[7..4]   ; Output ; Info     ; Connected to dangling logic. Logic that only feeds a dangling port will be removed. ;
+-----------+--------+----------+-------------------------------------------------------------------------------------+


+---------------------------------------------------------------------------------------------------------------------+
; Port Connectivity Checks: "top:dut"                                                                                 ;
+-----------+--------+----------+-------------------------------------------------------------------------------------+
; Port      ; Type   ; Severity ; Details                                                                             ;
+-----------+--------+----------+-------------------------------------------------------------------------------------+
; clk       ; Input  ; Info     ; Stuck at GND                                                                        ;
; DataAdr   ; Output ; Info     ; Connected to dangling logic. Logic that only feeds a dangling port will be removed. ;
; WriteData ; Output ; Info     ; Connected to dangling logic. Logic that only feeds a dangling port will be removed. ;
; MemWrite  ; Output ; Info     ; Connected to dangling logic. Logic that only feeds a dangling port will be removed. ;
+-----------+--------+----------+-------------------------------------------------------------------------------------+


+---------------------------------+
; Analysis & Elaboration Messages ;
+---------------------------------+
Info: *******************************************************************
Info: Running Quartus Prime Analysis & Elaboration
    Info: Version 20.1.0 Build 711 06/05/2020 SJ Lite Edition
    Info: Processing started: Wed Oct 23 02:14:36 2024
Info: Command: quartus_map --read_settings_files=on --write_settings_files=off five_stage_pipelined_cpu -c five_stage_pipelined_cpu --analysis_and_elaboration
Warning (18236): Number of processors has not been specified which may cause overloading on shared machines.  Set the global assignment NUM_PARALLEL_PROCESSORS in your QSF to an appropriate value for best performance.
Info (20030): Parallel compilation is enabled and will use 12 of the 12 processors detected
Info (12021): Found 1 design units, including 1 entities, in source file adder.sv
    Info (12023): Found entity 1: adder File: C:/Users/Jose/Desktop/Proyecto_Arqui1/computer_architecture_1_2024-s2/five_stage_pipelined_cpu/adder.sv Line: 1
Info (12021): Found 1 design units, including 1 entities, in source file alu.sv
    Info (12023): Found entity 1: alu File: C:/Users/Jose/Desktop/Proyecto_Arqui1/computer_architecture_1_2024-s2/five_stage_pipelined_cpu/alu.sv Line: 1
Info (12021): Found 1 design units, including 1 entities, in source file cpu.sv
    Info (12023): Found entity 1: cpu File: C:/Users/Jose/Desktop/Proyecto_Arqui1/computer_architecture_1_2024-s2/five_stage_pipelined_cpu/cpu.sv Line: 1
Info (12021): Found 1 design units, including 1 entities, in source file condcheck.sv
    Info (12023): Found entity 1: condcheck File: C:/Users/Jose/Desktop/Proyecto_Arqui1/computer_architecture_1_2024-s2/five_stage_pipelined_cpu/condcheck.sv Line: 1
Info (12021): Found 1 design units, including 1 entities, in source file controller.sv
    Info (12023): Found entity 1: controller File: C:/Users/Jose/Desktop/Proyecto_Arqui1/computer_architecture_1_2024-s2/five_stage_pipelined_cpu/controller.sv Line: 1
Info (12021): Found 1 design units, including 1 entities, in source file datapath.sv
    Info (12023): Found entity 1: datapath File: C:/Users/Jose/Desktop/Proyecto_Arqui1/computer_architecture_1_2024-s2/five_stage_pipelined_cpu/datapath.sv Line: 1
Info (12021): Found 1 design units, including 1 entities, in source file decoder.sv
    Info (12023): Found entity 1: decoder File: C:/Users/Jose/Desktop/Proyecto_Arqui1/computer_architecture_1_2024-s2/five_stage_pipelined_cpu/decoder.sv Line: 1
Info (12021): Found 1 design units, including 1 entities, in source file extend.sv
    Info (12023): Found entity 1: extend File: C:/Users/Jose/Desktop/Proyecto_Arqui1/computer_architecture_1_2024-s2/five_stage_pipelined_cpu/extend.sv Line: 1
Info (12021): Found 1 design units, including 1 entities, in source file flopenr.sv
    Info (12023): Found entity 1: flopenr File: C:/Users/Jose/Desktop/Proyecto_Arqui1/computer_architecture_1_2024-s2/five_stage_pipelined_cpu/flopenr.sv Line: 1
Info (12021): Found 1 design units, including 1 entities, in source file flopfl.sv
    Info (12023): Found entity 1: flopfl File: C:/Users/Jose/Desktop/Proyecto_Arqui1/computer_architecture_1_2024-s2/five_stage_pipelined_cpu/flopfl.sv Line: 1
Info (12021): Found 1 design units, including 1 entities, in source file flopflenr.sv
    Info (12023): Found entity 1: flopflenr File: C:/Users/Jose/Desktop/Proyecto_Arqui1/computer_architecture_1_2024-s2/five_stage_pipelined_cpu/flopflenr.sv Line: 1
Info (12021): Found 1 design units, including 1 entities, in source file flopr.sv
    Info (12023): Found entity 1: flopr File: C:/Users/Jose/Desktop/Proyecto_Arqui1/computer_architecture_1_2024-s2/five_stage_pipelined_cpu/flopr.sv Line: 1
Info (12021): Found 1 design units, including 1 entities, in source file hazardunit.sv
    Info (12023): Found entity 1: hazardunit File: C:/Users/Jose/Desktop/Proyecto_Arqui1/computer_architecture_1_2024-s2/five_stage_pipelined_cpu/hazardunit.sv Line: 1
Info (12021): Found 1 design units, including 1 entities, in source file mux2.sv
    Info (12023): Found entity 1: mux2 File: C:/Users/Jose/Desktop/Proyecto_Arqui1/computer_architecture_1_2024-s2/five_stage_pipelined_cpu/mux2.sv Line: 1
Info (12021): Found 1 design units, including 1 entities, in source file mux3.sv
    Info (12023): Found entity 1: mux3 File: C:/Users/Jose/Desktop/Proyecto_Arqui1/computer_architecture_1_2024-s2/five_stage_pipelined_cpu/mux3.sv Line: 1
Info (12021): Found 1 design units, including 1 entities, in source file regfile.sv
    Info (12023): Found entity 1: regfile File: C:/Users/Jose/Desktop/Proyecto_Arqui1/computer_architecture_1_2024-s2/five_stage_pipelined_cpu/regfile.sv Line: 1
Info (12021): Found 1 design units, including 1 entities, in source file shift.sv
    Info (12023): Found entity 1: shift File: C:/Users/Jose/Desktop/Proyecto_Arqui1/computer_architecture_1_2024-s2/five_stage_pipelined_cpu/shift.sv Line: 1
Info (12021): Found 1 design units, including 1 entities, in source file top.sv
    Info (12023): Found entity 1: top File: C:/Users/Jose/Desktop/Proyecto_Arqui1/computer_architecture_1_2024-s2/five_stage_pipelined_cpu/top.sv Line: 1
Info (12021): Found 1 design units, including 1 entities, in source file dmem.sv
    Info (12023): Found entity 1: dmem File: C:/Users/Jose/Desktop/Proyecto_Arqui1/computer_architecture_1_2024-s2/five_stage_pipelined_cpu/dmem.sv Line: 1
Info (12021): Found 1 design units, including 1 entities, in source file imem.sv
    Info (12023): Found entity 1: imem File: C:/Users/Jose/Desktop/Proyecto_Arqui1/computer_architecture_1_2024-s2/five_stage_pipelined_cpu/imem.sv Line: 1
Info (12021): Found 1 design units, including 1 entities, in source file tb_top.sv
    Info (12023): Found entity 1: tb_top File: C:/Users/Jose/Desktop/Proyecto_Arqui1/computer_architecture_1_2024-s2/five_stage_pipelined_cpu/tb_top.sv Line: 1
Info (12021): Found 1 design units, including 1 entities, in source file rammemory.v
    Info (12023): Found entity 1: RAMMemory File: C:/Users/Jose/Desktop/Proyecto_Arqui1/computer_architecture_1_2024-s2/five_stage_pipelined_cpu/RAMMemory.v Line: 40
Info (12127): Elaborating entity "tb_top" for the top level hierarchy
Warning (10175): Verilog HDL warning at tb_top.sv(36): ignoring unsupported system task File: C:/Users/Jose/Desktop/Proyecto_Arqui1/computer_architecture_1_2024-s2/five_stage_pipelined_cpu/tb_top.sv Line: 36
Warning (10175): Verilog HDL warning at tb_top.sv(42): ignoring unsupported system task File: C:/Users/Jose/Desktop/Proyecto_Arqui1/computer_architecture_1_2024-s2/five_stage_pipelined_cpu/tb_top.sv Line: 42
Warning (10175): Verilog HDL warning at tb_top.sv(50): ignoring unsupported system task File: C:/Users/Jose/Desktop/Proyecto_Arqui1/computer_architecture_1_2024-s2/five_stage_pipelined_cpu/tb_top.sv Line: 50
Info (12128): Elaborating entity "top" for hierarchy "top:dut" File: C:/Users/Jose/Desktop/Proyecto_Arqui1/computer_architecture_1_2024-s2/five_stage_pipelined_cpu/tb_top.sv Line: 10
Info (12128): Elaborating entity "cpu" for hierarchy "top:dut|cpu:cpu" File: C:/Users/Jose/Desktop/Proyecto_Arqui1/computer_architecture_1_2024-s2/five_stage_pipelined_cpu/top.sv Line: 12
Info (12128): Elaborating entity "controller" for hierarchy "top:dut|cpu:cpu|controller:c" File: C:/Users/Jose/Desktop/Proyecto_Arqui1/computer_architecture_1_2024-s2/five_stage_pipelined_cpu/cpu.sv Line: 26
Info (12128): Elaborating entity "flopflenr" for hierarchy "top:dut|cpu:cpu|controller:c|flopflenr:if_id_reg" File: C:/Users/Jose/Desktop/Proyecto_Arqui1/computer_architecture_1_2024-s2/five_stage_pipelined_cpu/controller.sv Line: 30
Info (12128): Elaborating entity "decoder" for hierarchy "top:dut|cpu:cpu|controller:c|decoder:dec" File: C:/Users/Jose/Desktop/Proyecto_Arqui1/computer_architecture_1_2024-s2/five_stage_pipelined_cpu/controller.sv Line: 35
Warning (10270): Verilog HDL Case Statement warning at decoder.sv(26): incomplete case statement has no default case item File: C:/Users/Jose/Desktop/Proyecto_Arqui1/computer_architecture_1_2024-s2/five_stage_pipelined_cpu/decoder.sv Line: 26
Info (12128): Elaborating entity "flopfl" for hierarchy "top:dut|cpu:cpu|controller:c|flopfl:id_ex_reg" File: C:/Users/Jose/Desktop/Proyecto_Arqui1/computer_architecture_1_2024-s2/five_stage_pipelined_cpu/controller.sv Line: 39
Info (12128): Elaborating entity "flopenr" for hierarchy "top:dut|cpu:cpu|controller:c|flopenr:flagreg1" File: C:/Users/Jose/Desktop/Proyecto_Arqui1/computer_architecture_1_2024-s2/five_stage_pipelined_cpu/controller.sv Line: 53
Info (12128): Elaborating entity "condcheck" for hierarchy "top:dut|cpu:cpu|controller:c|condcheck:cc" File: C:/Users/Jose/Desktop/Proyecto_Arqui1/computer_architecture_1_2024-s2/five_stage_pipelined_cpu/controller.sv Line: 56
Info (12128): Elaborating entity "flopr" for hierarchy "top:dut|cpu:cpu|controller:c|flopr:ex_mem_reg" File: C:/Users/Jose/Desktop/Proyecto_Arqui1/computer_architecture_1_2024-s2/five_stage_pipelined_cpu/controller.sv Line: 72
Info (12128): Elaborating entity "flopr" for hierarchy "top:dut|cpu:cpu|controller:c|flopr:mem_wb_reg" File: C:/Users/Jose/Desktop/Proyecto_Arqui1/computer_architecture_1_2024-s2/five_stage_pipelined_cpu/controller.sv Line: 85
Info (12128): Elaborating entity "datapath" for hierarchy "top:dut|cpu:cpu|datapath:dp" File: C:/Users/Jose/Desktop/Proyecto_Arqui1/computer_architecture_1_2024-s2/five_stage_pipelined_cpu/cpu.sv Line: 38
Info (12128): Elaborating entity "mux2" for hierarchy "top:dut|cpu:cpu|datapath:dp|mux2:pcmux" File: C:/Users/Jose/Desktop/Proyecto_Arqui1/computer_architecture_1_2024-s2/five_stage_pipelined_cpu/datapath.sv Line: 41
Info (12128): Elaborating entity "flopenr" for hierarchy "top:dut|cpu:cpu|datapath:dp|flopenr:pcreg" File: C:/Users/Jose/Desktop/Proyecto_Arqui1/computer_architecture_1_2024-s2/five_stage_pipelined_cpu/datapath.sv Line: 43
Info (12128): Elaborating entity "adder" for hierarchy "top:dut|cpu:cpu|datapath:dp|adder:pcadd1" File: C:/Users/Jose/Desktop/Proyecto_Arqui1/computer_architecture_1_2024-s2/five_stage_pipelined_cpu/datapath.sv Line: 44
Info (12128): Elaborating entity "flopflenr" for hierarchy "top:dut|cpu:cpu|datapath:dp|flopflenr:if_id_reg" File: C:/Users/Jose/Desktop/Proyecto_Arqui1/computer_architecture_1_2024-s2/five_stage_pipelined_cpu/datapath.sv Line: 48
Info (12128): Elaborating entity "mux2" for hierarchy "top:dut|cpu:cpu|datapath:dp|mux2:ra1mux" File: C:/Users/Jose/Desktop/Proyecto_Arqui1/computer_architecture_1_2024-s2/five_stage_pipelined_cpu/datapath.sv Line: 52
Info (12128): Elaborating entity "regfile" for hierarchy "top:dut|cpu:cpu|datapath:dp|regfile:rf" File: C:/Users/Jose/Desktop/Proyecto_Arqui1/computer_architecture_1_2024-s2/five_stage_pipelined_cpu/datapath.sv Line: 58
Info (12128): Elaborating entity "extend" for hierarchy "top:dut|cpu:cpu|datapath:dp|extend:ext" File: C:/Users/Jose/Desktop/Proyecto_Arqui1/computer_architecture_1_2024-s2/five_stage_pipelined_cpu/datapath.sv Line: 60
Info (12128): Elaborating entity "flopfl" for hierarchy "top:dut|cpu:cpu|datapath:dp|flopfl:id_ex_reg" File: C:/Users/Jose/Desktop/Proyecto_Arqui1/computer_architecture_1_2024-s2/five_stage_pipelined_cpu/datapath.sv Line: 65
Info (12128): Elaborating entity "mux3" for hierarchy "top:dut|cpu:cpu|datapath:dp|mux3:srcAEmux" File: C:/Users/Jose/Desktop/Proyecto_Arqui1/computer_architecture_1_2024-s2/five_stage_pipelined_cpu/datapath.sv Line: 76
Info (12128): Elaborating entity "shift" for hierarchy "top:dut|cpu:cpu|datapath:dp|shift:shift" File: C:/Users/Jose/Desktop/Proyecto_Arqui1/computer_architecture_1_2024-s2/five_stage_pipelined_cpu/datapath.sv Line: 80
Info (12128): Elaborating entity "alu" for hierarchy "top:dut|cpu:cpu|datapath:dp|alu:alu" File: C:/Users/Jose/Desktop/Proyecto_Arqui1/computer_architecture_1_2024-s2/five_stage_pipelined_cpu/datapath.sv Line: 84
Info (12128): Elaborating entity "flopr" for hierarchy "top:dut|cpu:cpu|datapath:dp|flopr:ex_mem_reg" File: C:/Users/Jose/Desktop/Proyecto_Arqui1/computer_architecture_1_2024-s2/five_stage_pipelined_cpu/datapath.sv Line: 88
Info (12128): Elaborating entity "hazardunit" for hierarchy "top:dut|cpu:cpu|hazardunit:hu" File: C:/Users/Jose/Desktop/Proyecto_Arqui1/computer_architecture_1_2024-s2/five_stage_pipelined_cpu/cpu.sv Line: 43
Info (12128): Elaborating entity "imem" for hierarchy "top:dut|imem:imem" File: C:/Users/Jose/Desktop/Proyecto_Arqui1/computer_architecture_1_2024-s2/five_stage_pipelined_cpu/top.sv Line: 13
Warning (10030): Net "RAM[511..19]" at imem.sv(6) has no driver or initial value, using a default initial value '0' File: C:/Users/Jose/Desktop/Proyecto_Arqui1/computer_architecture_1_2024-s2/five_stage_pipelined_cpu/imem.sv Line: 6
Info (12128): Elaborating entity "dmem" for hierarchy "top:dut|dmem:dmem" File: C:/Users/Jose/Desktop/Proyecto_Arqui1/computer_architecture_1_2024-s2/five_stage_pipelined_cpu/top.sv Line: 14
Warning (10270): Verilog HDL Case Statement warning at dmem.sv(17): incomplete case statement has no default case item File: C:/Users/Jose/Desktop/Proyecto_Arqui1/computer_architecture_1_2024-s2/five_stage_pipelined_cpu/dmem.sv Line: 17
Info (144001): Generated suppressed messages file C:/Users/Jose/Desktop/Proyecto_Arqui1/computer_architecture_1_2024-s2/five_stage_pipelined_cpu/output_files/five_stage_pipelined_cpu.map.smsg
Info: Quartus Prime Analysis & Elaboration was successful. 0 errors, 7 warnings
    Info: Peak virtual memory: 4841 megabytes
    Info: Processing ended: Wed Oct 23 02:14:45 2024
    Info: Elapsed time: 00:00:09
    Info: Total CPU time (on all processors): 00:00:18


+--------------------------------------------+
; Analysis & Elaboration Suppressed Messages ;
+--------------------------------------------+
The suppressed messages can be found in C:/Users/Jose/Desktop/Proyecto_Arqui1/computer_architecture_1_2024-s2/five_stage_pipelined_cpu/output_files/five_stage_pipelined_cpu.map.smsg.


